Soy el padre con pid 22702
Recepc. 0 Encargando pizza Piz0000 (1/6)
Recepc. 2 Encargando pan Pan0200 (1/1)
Recepc. 3 Encargando pan Pan0300 (1/1)
Pan03. Recibi pedido: Pan0200
Pan03 pidiendo racion de masa madre...
Piz04. Recibi pedido: Piz0000
Piz04 pidiendo racion de masa madre...
Recepc. 4 Encargando pan Pan0400 (1/3)
Especialista: recibi pedido de racion de MM de parte de: Pan03
Especialista: recibi pedido de racion de MM de parte de: Piz04
Piz04 recibi racion de masa madre! Continuemos con el pedido...
Piz04 realizando pedido Piz0000
Pan03 recibi racion de masa madre! Continuemos con el pedido...
Pan03 realizando pedido Pan0200
Recepc. 1 Encargando pizza Piz0100 (1/2)
Piz03. Recibi pedido: Piz0100
Piz03 pidiendo racion de masa madre...
Especialista: recibi pedido de racion de MM de parte de: Piz03
Piz03 recibi racion de masa madre! Continuemos con el pedido...
Piz03 realizando pedido Piz0100
Pan04. Recibi pedido: Pan0300
Pan04 pidiendo racion de masa madre...
Especialista: recibi pedido de racion de MM de parte de: Pan04
Pan00. Recibi pedido: Pan0400
Pan04 recibi racion de masa madre! Continuemos con el pedido...
Pan00 pidiendo racion de masa madre...
Pan04 realizando pedido Pan0300
Especialista: recibi pedido de racion de MM de parte de: Pan00
Pan00 recibi racion de masa madre! Continuemos con el pedido...
Pan00 realizando pedido Pan0400
Pan00 termine de realizar el pedido Pan0400
Pan00 entregando pedido Pan0400 a repartidor.
Piz04 termine de realizar el pedido Piz0000
Pan03 termine de realizar el pedido Pan0200
Pan03 entregando pedido Pan0200 a repartidor.
Piz04 entregando pedido Piz0000 a repartidor.
Pan04 termine de realizar el pedido Pan0300
Pan04 entregando pedido Pan0300 a repartidor.
Recepc. 2 Encargando pizza Piz0200 (1/6)
Piz04. Recibi pedido: Piz0200
Recepc. 3 Encargando pizza Piz0300 (1/5)
Piz04 pidiendo racion de masa madre...
Piz00. Recibi pedido: Piz0300
Especialista: recibi pedido de racion de MM de parte de: Piz04
Piz00 pidiendo racion de masa madre...
Especialista: recibi pedido de racion de MM de parte de: Piz00
Piz04 recibi racion de masa madre! Continuemos con el pedido...
Piz04 realizando pedido Piz0200
Piz00 recibi racion de masa madre! Continuemos con el pedido...
Piz00 realizando pedido Piz0300
Recepc. 4 Encargando pizza Piz0400 (1/1)
Piz02. Recibi pedido: Piz0400
Piz02 pidiendo racion de masa madre...
Especialista: recibi pedido de racion de MM de parte de: Piz02
Piz02 recibi racion de masa madre! Continuemos con el pedido...
Piz02 realizando pedido Piz0400
Recepc. 1 Encargando pan Pan0100 (1/6)
Pan04. Recibi pedido: Pan0100
Pan04 pidiendo racion de masa madre...
Especialista: recibi pedido de racion de MM de parte de: Pan04
Pan04 recibi racion de masa madre! Continuemos con el pedido...
Pan04 realizando pedido Pan0100
Piz03 termine de realizar el pedido Piz0100
Piz03 entregando pedido Piz0100 a repartidor.
Recepc. 0 Encargando pizza Piz0001 (2/6)
Piz03. Recibi pedido: Piz0001
Piz03 pidiendo racion de masa madre...
Especialista: recibi pedido de racion de MM de parte de: Piz03
Piz03 recibi racion de masa madre! Continuemos con el pedido...
Piz03 realizando pedido Piz0001
Piz02 termine de realizar el pedido Piz0400
Piz02 entregando pedido Piz0400 a repartidor.
Recepc. 1 Encargando pizza Piz0101 (2/2)
Piz02. Recibi pedido: Piz0101
Piz02 pidiendo racion de masa madre...
Especialista: recibi pedido de racion de MM de parte de: Piz02
Piz02 recibi racion de masa madre! Continuemos con el pedido...
Piz02 realizando pedido Piz0101
Recepc. 0 Encargando pizza Piz0002 (3/6)
Piz01. Recibi pedido: Piz0002
Piz01 pidiendo racion de masa madre...
Especialista: recibi pedido de racion de MM de parte de: Piz01
Piz01 recibi racion de masa madre! Continuemos con el pedido...
Piz01 realizando pedido Piz0002
Recepc. 4 Encargando pan Pan0401 (2/3)
Pan01. Recibi pedido: Pan0401
Pan01 pidiendo racion de masa madre...
Especialista: recibi pedido de racion de MM de parte de: Pan01
Pan01 recibi racion de masa madre! Continuemos con el pedido...
Pan01 realizando pedido Pan0401
Pan04 termine de realizar el pedido Pan0100
Recepc. 1 Encargando pan Pan0101 (2/6)
Pan04 entregando pedido Pan0100 a repartidor.
Pan04. Recibi pedido: Pan0101
Pan04 pidiendo racion de masa madre...
Especialista: recibi pedido de racion de MM de parte de: Pan04
Pan04 recibi racion de masa madre! Continuemos con el pedido...
Pan04 realizando pedido Pan0101
Piz04 termine de realizar el pedido Piz0200
Piz04 entregando pedido Piz0200 a repartidor.
Piz00 termine de realizar el pedido Piz0300
Piz00 entregando pedido Piz0300 a repartidor.
Pan04 termine de realizar el pedido Pan0101
Pan04 entregando pedido Pan0101 a repartidor.
Recepc. 1 Encargando pan Pan0102 (3/6)
Pan02. Recibi pedido: Pan0102
Pan02 pidiendo racion de masa madre...
Especialista: recibi pedido de racion de MM de parte de: Pan02
Pan02 recibi racion de masa madre! Continuemos con el pedido...
Pan02 realizando pedido Pan0102
Recepc. 2 Encargando pizza Piz0201 (2/6)
Piz00. Recibi pedido: Piz0201
Recepc. 3 Encargando pizza Piz0301 (2/5)
Piz00 pidiendo racion de masa madre...
Piz04. Recibi pedido: Piz0301
Piz04 pidiendo racion de masa madre...
Especialista: recibi pedido de racion de MM de parte de: Piz00
Especialista: recibi pedido de racion de MM de parte de: Piz04
Piz00 recibi racion de masa madre! Continuemos con el pedido...
Piz00 realizando pedido Piz0201
Piz04 recibi racion de masa madre! Continuemos con el pedido...
Piz04 realizando pedido Piz0301
Piz03 termine de realizar el pedido Piz0001
Piz03 entregando pedido Piz0001 a repartidor.
Piz01 termine de realizar el pedido Piz0002
Piz01 entregando pedido Piz0002 a repartidor.
Pan01 termine de realizar el pedido Pan0401
Pan01 entregando pedido Pan0401 a repartidor.
Piz02 termine de realizar el pedido Piz0101
Piz02 entregando pedido Piz0101 a repartidor.
Recepc. 0 Encargando pan Pan0000 (1/6)
Pan03. Recibi pedido: Pan0000
Pan03 pidiendo racion de masa madre...
Especialista: recibi pedido de racion de MM de parte de: Pan03
Pan03 recibi racion de masa madre! Continuemos con el pedido...
Pan03 realizando pedido Pan0000
Recepc. 1 Encargando pan Pan0103 (4/6)
Pan00. Recibi pedido: Pan0103
Pan00 pidiendo racion de masa madre...
Especialista: recibi pedido de racion de MM de parte de: Pan00
Pan00 recibi racion de masa madre! Continuemos con el pedido...
Pan00 realizando pedido Pan0103
Pan02 termine de realizar el pedido Pan0102
Pan02 entregando pedido Pan0102 a repartidor.
Recepc. 4 Encargando pan Pan0402 (3/3)
Pan02. Recibi pedido: Pan0402
Pan02 pidiendo racion de masa madre...
Especialista: recibi pedido de racion de MM de parte de: Pan02
Pan02 recibi racion de masa madre! Continuemos con el pedido...
Pan02 realizando pedido Pan0402
Recepc. 2 Encargando pizza Piz0202 (3/6)
Piz02. Recibi pedido: Piz0202
Piz02 pidiendo racion de masa madre...
Especialista: recibi pedido de racion de MM de parte de: Piz02
Piz02 recibi racion de masa madre! Continuemos con el pedido...
Piz02 realizando pedido Piz0202
Recepc. 3 Encargando pizza Piz0302 (3/5)
Piz03. Recibi pedido: Piz0302
Piz00 termine de realizar el pedido Piz0201
Piz00 entregando pedido Piz0201 a repartidor.
Piz04 termine de realizar el pedido Piz0301
Piz03 pidiendo racion de masa madre...
Piz04 entregando pedido Piz0301 a repartidor.
Especialista: recibi pedido de racion de MM de parte de: Piz03
Piz02 termine de realizar el pedido Piz0202
Piz02 entregando pedido Piz0202 a repartidor.
Piz03 recibi racion de masa madre! Continuemos con el pedido...
Piz03 realizando pedido Piz0302
Pan00 termine de realizar el pedido Pan0103
Pan00 entregando pedido Pan0103 a repartidor.
Recepc. 0 Encargando pizza Piz0003 (4/6)
Piz02. Recibi pedido: Piz0003
Piz02 pidiendo racion de masa madre...
Especialista: recibi pedido de racion de MM de parte de: Piz02
Pan03 termine de realizar el pedido Pan0000
Pan03 entregando pedido Pan0000 a repartidor.
Piz02 recibi racion de masa madre! Continuemos con el pedido...
Piz02 realizando pedido Piz0003
Recepc. 2 Encargando pizza Piz0203 (4/6)
Recepc. 3 Encargando pizza Piz0303 (4/5)
Piz01. Recibi pedido: Piz0303
Piz01 pidiendo racion de masa madre...
Piz00. Recibi pedido: Piz0203
Piz00 pidiendo racion de masa madre...
Especialista: recibi pedido de racion de MM de parte de: Piz01
Especialista: recibi pedido de racion de MM de parte de: Piz00
Piz00 recibi racion de masa madre! Continuemos con el pedido...
Piz00 realizando pedido Piz0203
Piz01 recibi racion de masa madre! Continuemos con el pedido...
Piz01 realizando pedido Piz0303
Piz00 termine de realizar el pedido Piz0203
Piz00 entregando pedido Piz0203 a repartidor.
Piz01 termine de realizar el pedido Piz0303
Piz01 entregando pedido Piz0303 a repartidor.
Pan02 termine de realizar el pedido Pan0402
Pan02 entregando pedido Pan0402 a repartidor.
Recepc. 1 Encargando pan Pan0104 (5/6)
Pan03. Recibi pedido: Pan0104
Pan03 pidiendo racion de masa madre...
Especialista: recibi pedido de racion de MM de parte de: Pan03
Pan03 recibi racion de masa madre! Continuemos con el pedido...
Pan03 realizando pedido Pan0104
Recepc. 3 Encargando pizza Piz0304 (5/5)
Piz01. Recibi pedido: Piz0304
Piz01 pidiendo racion de masa madre...
Especialista: recibi pedido de racion de MM de parte de: Piz01
Piz01 recibi racion de masa madre! Continuemos con el pedido...
Piz01 realizando pedido Piz0304
Piz03 termine de realizar el pedido Piz0302
Piz03 entregando pedido Piz0302 a repartidor.
Recepc. 1 Encargando pan Pan0105 (6/6)
Pan01. Recibi pedido: Pan0105
Pan01 pidiendo racion de masa madre...
Especialista: recibi pedido de racion de MM de parte de: Pan01
Pan01 recibi racion de masa madre! Continuemos con el pedido...
Pan01 realizando pedido Pan0105
Recepc. 0 Encargando pizza Piz0004 (5/6)
Piz03. Recibi pedido: Piz0004
Piz03 pidiendo racion de masa madre...
Especialista: recibi pedido de racion de MM de parte de: Piz03
Piz03 recibi racion de masa madre! Continuemos con el pedido...
Piz03 realizando pedido Piz0004
Piz02 termine de realizar el pedido Piz0003
Piz02 entregando pedido Piz0003 a repartidor.
Pan03 termine de realizar el pedido Pan0104
Pan03 entregando pedido Pan0104 a repartidor.
Pan01 termine de realizar el pedido Pan0105
Pan01 entregando pedido Pan0105 a repartidor.
Recepc. 2 Encargando pizza Piz0204 (5/6)
Piz02. Recibi pedido: Piz0204
Piz02 pidiendo racion de masa madre...
Especialista: recibi pedido de racion de MM de parte de: Piz02
Piz02 recibi racion de masa madre! Continuemos con el pedido...
Piz02 realizando pedido Piz0204
Piz03 termine de realizar el pedido Piz0004
Piz03 entregando pedido Piz0004 a repartidor.
Piz02 termine de realizar el pedido Piz0204
Piz02 entregando pedido Piz0204 a repartidor.
Piz01 termine de realizar el pedido Piz0304
Recepc. 0 Encargando pan Pan0001 (2/6)
Piz01 entregando pedido Piz0304 a repartidor.
Pan02. Recibi pedido: Pan0001
Pan02 pidiendo racion de masa madre...
Especialista: recibi pedido de racion de MM de parte de: Pan02
Pan02 recibi racion de masa madre! Continuemos con el pedido...
Pan02 realizando pedido Pan0001
Recepc. 0 Encargando pan Pan0002 (3/6)
Pan00. Recibi pedido: Pan0002
Pan00 pidiendo racion de masa madre...
Pan02 termine de realizar el pedido Pan0001
Pan02 entregando pedido Pan0001 a repartidor.
Especialista: recibi pedido de racion de MM de parte de: Pan00
Pan00 recibi racion de masa madre! Continuemos con el pedido...
Pan00 realizando pedido Pan0002
Recepc. 2 Encargando pizza Piz0205 (6/6)
Piz00. Recibi pedido: Piz0205
Piz00 pidiendo racion de masa madre...
Especialista: recibi pedido de racion de MM de parte de: Piz00
Piz00 recibi racion de masa madre! Continuemos con el pedido...
Piz00 realizando pedido Piz0205
Recepc. 0 Encargando pan Pan0003 (4/6)
Piz00 termine de realizar el pedido Piz0205
Piz00 entregando pedido Piz0205 a repartidor.
Pan04. Recibi pedido: Pan0003
Pan04 pidiendo racion de masa madre...
Especialista: recibi pedido de racion de MM de parte de: Pan04
Pan00 termine de realizar el pedido Pan0002
Pan00 entregando pedido Pan0002 a repartidor.
Pan04 recibi racion de masa madre! Continuemos con el pedido...
Pan04 realizando pedido Pan0003
Recepc. 0 Encargando pan Pan0004 (5/6)
Pan00. Recibi pedido: Pan0004
Pan00 pidiendo racion de masa madre...
Especialista: recibi pedido de racion de MM de parte de: Pan00
Pan00 recibi racion de masa madre! Continuemos con el pedido...
Pan00 realizando pedido Pan0004
Pan00 termine de realizar el pedido Pan0004
Pan00 entregando pedido Pan0004 a repartidor.
Pan04 termine de realizar el pedido Pan0003
Pan04 entregando pedido Pan0003 a repartidor.
Recepc. 0 Encargando pan Pan0005 (6/6)
Pan00. Recibi pedido: Pan0005
Pan00 pidiendo racion de masa madre...
Especialista: recibi pedido de racion de MM de parte de: Pan00
Pan00 recibi racion de masa madre! Continuemos con el pedido...
Pan00 realizando pedido Pan0005
Recepc. 0 Encargando pizza Piz0005 (6/6)
Piz00. Recibi pedido: Piz0005
Piz00 pidiendo racion de masa madre...
Especialista: recibi pedido de racion de MM de parte de: Piz00
Pan00 termine de realizar el pedido Pan0005
Pan00 entregando pedido Pan0005 a repartidor.
Piz00 recibi racion de masa madre! Continuemos con el pedido...
Piz00 realizando pedido Piz0005
Piz00 termine de realizar el pedido Piz0005
Piz00 entregando pedido Piz0005 a repartidor.
Piz00 termino con todos sus deberes.
Pan00 termino con todos sus deberes.
Pan01 termino con todos sus deberes.
Piz01 termino con todos sus deberes.
Pan03 termino con todos sus deberes.
Pan04 termino con todos sus deberes.
Piz04 termino con todos sus deberes.
Piz03 termino con todos sus deberes.
Piz02 termino con todos sus deberes.
Pan02 termino con todos sus deberes.
