Soy padre con pid 16613
New PANADERO created with pid 16614
New PANADERO created with pid 16615
New PANADERO created with pid 16616
New PANADERO created with pid 16617
New PIZZERO created with pid 16620
New PANADERO created with pid 16618
New RECEPCIONISTA created with pid 16621
New PIZZERO created with pid 16619
Debug msg from panadero
Debug msg from panadero
Debug msg from pizzero
Debug msg from panadero
Debug msg from panadero
Debug msg from panadero
Debug msg from pizzero
Recepc. Encargando pizza
New RECEPCIONISTA created with pid 16623
New RECEPCIONISTA created with pid 16622
Recepc. Encargando pizza
Recepc. Encargando pizza
New RECEPCIONISTA created with pid 16624
Espec. Masa Madre created with pid 16625
Recepc. Encargando pizza
Debug msg from especialista MM!
Recepc. Encargando pizza
Recepc. Encargando pizza
Recepc. Encargando pizza
Recepc. Encargando pizza
Recepc. Encargando pizza
Recepc. Encargando pizza
Recepc. Encargando pizza
Recepc. Encargando pizza
Recepc. Encargando pan
Recepc. Encargando pan
Recepc. Encargando pan
Recepc. Encargando pan
Recepc. Encargando pan
Recepc. Encargando pan
Recepc. Encargando pan
Recepc. Encargando pan
